\BOOKMARK [0][-]{chapter*.2}{Introduction}{}% 1
\BOOKMARK [0][-]{chapter.1}{TP 1 : Initiation a un OS temps R\351el bas\351 sur Linux}{}% 2
\BOOKMARK [1][-]{section.1.1}{Mesures sous Linux}{chapter.1}% 3
\BOOKMARK [2][-]{subsection.1.1.1}{Programme carrelinux-comedi.c}{section.1.1}% 4
\BOOKMARK [2][-]{subsection.1.1.2}{Mesures des p\351riode du signal}{section.1.1}% 5
\BOOKMARK [1][-]{section.1.2}{Mesures sous RTAI}{chapter.1}% 6
\BOOKMARK [2][-]{subsection.1.2.1}{L'environnement RTAI Kernel}{section.1.2}% 7
\BOOKMARK [0][-]{chapter.2}{Conception d'un logiciel Temps r\351el}{}% 8
\BOOKMARK [1][-]{section.2.1}{Position du probl\350me}{chapter.2}% 9
\BOOKMARK [2][-]{subsection.2.1.1}{G\351n\351ration du signal p\351riodique}{section.2.1}% 10
\BOOKMARK [2][-]{subsection.2.1.2}{Conversion des valeurs analogique vers num\351rique}{section.2.1}% 11
\BOOKMARK [2][-]{subsection.2.1.3}{Envoie des signaux sur le CNA}{section.2.1}% 12
\BOOKMARK [2][-]{subsection.2.1.4}{Observation des r\351sultats}{section.2.1}% 13
\BOOKMARK [1][-]{section.2.2}{Impl\351mentation de la modification des signaux}{chapter.2}% 14
\BOOKMARK [2][-]{subsection.2.2.1}{Division de la t\342ches void generateur}{section.2.2}% 15
\BOOKMARK [2][-]{subsection.2.2.2}{Tache de lecture des informations}{section.2.2}% 16
\BOOKMARK [2][-]{subsection.2.2.3}{Application de ces informations aux signaux}{section.2.2}% 17
\BOOKMARK [2][-]{subsection.2.2.4}{Observation des r\351sultats}{section.2.2}% 18
\BOOKMARK [-1][-]{part*.3}{Annexes}{}% 19
\BOOKMARK [0][-]{chapter*.4}{TP1}{part*.3}% 20
\BOOKMARK [1][-]{section*.5}{Code partie 1}{chapter*.4}% 21
\BOOKMARK [1][-]{section*.6}{Code partie 2}{chapter*.4}% 22
\BOOKMARK [2][-]{section*.7}{Script du bash go}{section*.6}% 23
\BOOKMARK [2][-]{section*.8}{Script du bash go}{section*.6}% 24
\BOOKMARK [2][-]{section*.9}{Script du bash stop}{section*.6}% 25
\BOOKMARK [2][-]{section*.10}{Script du Makefile}{section*.6}% 26
\BOOKMARK [2][-]{section*.11}{Source de l'application RTAI}{section*.6}% 27
\BOOKMARK [2][-]{section*.12}{Source du processus de r\351cup\351ration de donn\351es}{section*.6}% 28
\BOOKMARK [0][-]{chapter*.13}{Annexe 2 - TITRE}{part*.3}% 29
